[20:46:58] [main/WARN]: Ambiguity between arguments [teleport, destination] and [teleport, targets] with inputs: [Player, 0123, @e, dd12be42-52a9-4a91-a8a1-11c01849e498]
[20:46:58] [main/WARN]: Ambiguity between arguments [teleport, location] and [teleport, destination] with inputs: [0.1 -0.5 .9, 0 0 0]
[20:46:58] [main/WARN]: Ambiguity between arguments [teleport, location] and [teleport, targets] with inputs: [0.1 -0.5 .9, 0 0 0]
[20:46:58] [main/WARN]: Ambiguity between arguments [teleport, targets] and [teleport, destination] with inputs: [Player, 0123, dd12be42-52a9-4a91-a8a1-11c01849e498]
[20:46:58] [main/WARN]: Ambiguity between arguments [teleport, targets, location] and [teleport, targets, destination] with inputs: [0.1 -0.5 .9, 0 0 0]
[20:46:58] [Server thread/INFO]: Starting minecraft server version 1.14.4
[20:46:58] [Server thread/INFO]: Loading properties
[20:46:58] [Server thread/INFO]: Default game type: SURVIVAL
[20:46:58] [Server thread/INFO]: Generating keypair
[20:46:58] [Server thread/INFO]: Starting Minecraft server on 192.168.0.108:25565
[20:46:58] [Server thread/INFO]: Using default channel type
[20:47:00] [Server thread/WARN]: **** SERVER IS RUNNING IN OFFLINE/INSECURE MODE!
[20:47:00] [Server thread/WARN]: The server will make no attempt to authenticate usernames. Beware.
[20:47:00] [Server thread/WARN]: While this makes the game possible to play without internet access, it also opens up the ability for hackers to connect with any username they choose.
[20:47:00] [Server thread/WARN]: To change this, set "online-mode" to "true" in the server.properties file.
[20:47:00] [Server thread/INFO]: Preparing level "world"
[20:47:00] [Server thread/INFO]: Reloading ResourceManager: Default
[20:47:01] [Server thread/INFO]: Loaded 6 recipes
[20:47:02] [Server thread/INFO]: Loaded 811 advancements
[20:47:02] [Server thread/INFO]: Preparing start region for dimension minecraft:overworld
[20:47:05] [Server thread/INFO]: Preparing spawn area: 0%
[20:47:05] [Server thread/INFO]: Preparing spawn area: 0%
[20:47:05] [Server thread/INFO]: Preparing spawn area: 0%
[20:47:05] [Server thread/INFO]: Preparing spawn area: 0%
[20:47:05] [Server thread/INFO]: Preparing spawn area: 0%
[20:47:05] [Server thread/INFO]: Preparing spawn area: 0%
[20:47:10] [Server-Worker-1/INFO]: Preparing spawn area: 0%
[20:47:10] [Server-Worker-1/INFO]: Preparing spawn area: 0%
[20:47:10] [Server-Worker-1/INFO]: Preparing spawn area: 0%
[20:47:10] [Server-Worker-1/INFO]: Preparing spawn area: 0%
[20:47:10] [Server-Worker-1/INFO]: Preparing spawn area: 0%
[20:47:10] [Server-Worker-2/INFO]: Preparing spawn area: 0%
[20:47:10] [Server-Worker-2/INFO]: Preparing spawn area: 0%
[20:47:10] [Server-Worker-2/INFO]: Preparing spawn area: 0%
[20:47:10] [Server-Worker-2/INFO]: Preparing spawn area: 0%
[20:47:10] [Server thread/INFO]: Preparing spawn area: 0%
[20:47:12] [Server-Worker-2/INFO]: Preparing spawn area: 95%
[20:47:12] [Server-Worker-1/INFO]: Preparing spawn area: 95%
[20:47:12] [Server-Worker-2/INFO]: Preparing spawn area: 95%
[20:47:12] [Server-Worker-3/INFO]: Preparing spawn area: 95%
[20:47:13] [Server-Worker-1/INFO]: Preparing spawn area: 95%
[20:47:13] [Server-Worker-1/INFO]: Preparing spawn area: 95%
[20:47:13] [Server-Worker-3/INFO]: Preparing spawn area: 95%
[20:47:14] [Server-Worker-2/INFO]: Preparing spawn area: 96%
[20:47:14] [Server thread/INFO]: Time elapsed: 11770 ms
[20:47:14] [Server thread/INFO]: Done (14.066s)! For help, type "help"
[20:47:16] [Server thread/INFO]: Heisenberg[/192.168.0.108:61932] logged in with entity id 340 at (98.58083529579649, 66.0, 231.88273111817563)
[20:47:16] [Server thread/INFO]: Heisenberg joined the game
[20:47:18] [Server thread/WARN]: Can't keep up! Is the server overloaded? Running 2034ms or 40 ticks behind
[20:47:21] [Server thread/INFO]: Kherasch[/213.91.148.193:57894] logged in with entity id 344 at (121.5, 64.0, 243.5)
[20:47:21] [Server thread/INFO]: Kherasch joined the game
[20:47:59] [Server thread/INFO]: Heisenberg has made the advancement [Stone Age]
[20:48:11] [Server thread/INFO]: Heisenberg has made the advancement [Getting an Upgrade]
[20:49:01] [Server thread/INFO]: Aifri[/178.239.230.110:56384] logged in with entity id 671 at (119.5, 64.0, 245.5)
[20:49:01] [Server thread/INFO]: Aifri joined the game
[20:50:37] [Server thread/INFO]: Heisenberg has made the advancement [Acquire Hardware]
[20:52:20] [Server thread/WARN]: Can't keep up! Is the server overloaded? Running 3347ms or 66 ticks behind
[20:52:21] [Server thread/INFO]: Kherasch has made the advancement [Stone Age]
[20:54:33] [Server thread/INFO]: Kherasch has made the advancement [Getting an Upgrade]
[20:54:36] [Server thread/INFO]: Aifri has made the advancement [Stone Age]
[20:54:50] [Server thread/INFO]: Aifri has made the advancement [Getting an Upgrade]
[20:54:54] [Server thread/INFO]: Kherasch has made the advancement [Sweet Dreams]
[20:54:57] [Server thread/INFO]: Heisenberg has made the advancement [Sweet Dreams]
[20:54:58] [Server thread/INFO]: <Heisenberg> asdasdasd
[20:55:01] [Server thread/INFO]: <Kherasch> ??
[20:55:01] [Server thread/INFO]: <Kherasch> ????
[20:55:01] [Server thread/INFO]: <Kherasch> ??????
[20:55:01] [Server thread/INFO]: <Kherasch> ???
[20:55:01] [Server thread/INFO]: <Kherasch> ??
[20:55:01] [Server thread/INFO]: <Kherasch> ???
[20:55:01] [Server thread/INFO]: <Kherasch> ????
[20:55:02] [Server thread/INFO]: <Kherasch> ?
[20:55:02] [Server thread/INFO]: <Kherasch> ?
[20:55:08] [Server thread/INFO]: Aifri has made the advancement [Sweet Dreams]
[20:55:09] [Server thread/INFO]: <Aifri> zzzz
[20:55:09] [Server thread/INFO]: <Aifri> z
[20:55:09] [Server thread/INFO]: <Aifri> z
[20:55:09] [Server thread/INFO]: <Aifri> z
[20:55:10] [Server thread/INFO]: <Aifri> z
[20:55:10] [Server thread/INFO]: <Aifri> z
[20:55:10] [Server thread/INFO]: <Aifri> z
[20:55:10] [Server thread/INFO]: <Aifri> z
[20:55:10] [Server thread/INFO]: <Aifri> z
[20:55:10] [Server thread/INFO]: <Aifri> z
[20:55:11] [Server thread/INFO]: <Heisenberg> z
[20:55:11] [Server thread/INFO]: <Heisenberg> z
[20:55:11] [Server thread/INFO]: <Kherasch> z
[20:55:11] [Server thread/INFO]: <Kherasch> z
[20:55:11] [Server thread/INFO]: <Heisenberg> z
[20:55:11] [Server thread/INFO]: <Kherasch> zz
[20:55:11] [Server thread/INFO]: <Heisenberg> z
[20:55:11] [Server thread/INFO]: <Kherasch> z
[20:55:12] [Server thread/INFO]: <Heisenberg> z
[20:55:12] [Server thread/INFO]: <Kherasch> z
[20:55:12] [Server thread/INFO]: <Heisenberg> z
[20:55:12] [Server thread/INFO]: <Heisenberg> z
[20:55:22] [Server thread/INFO]: <Aifri> ME AND MY BOYS AT SQUAD
[20:55:43] [Server thread/INFO]: Heisenberg lost connection: Disconnected
[20:55:43] [Server thread/INFO]: Heisenberg left the game
[20:55:49] [Server thread/INFO]: Heisenberg[/192.168.0.108:62005] logged in with entity id 2471 at (302.1229934621797, 68.0, 193.78222304267732)
[20:55:49] [Server thread/INFO]: Heisenberg joined the game
[20:57:41] [Server thread/INFO]: Aifri has made the advancement [Acquire Hardware]
[21:00:30] [Server thread/INFO]: Kherasch lost connection: Disconnected
[21:00:30] [Server thread/INFO]: Kherasch left the game
[21:00:31] [Server thread/INFO]: Heisenberg lost connection: Disconnected
[21:00:31] [Server thread/INFO]: Heisenberg left the game
[21:00:33] [Server thread/INFO]: Aifri lost connection: Disconnected
[21:00:33] [Server thread/INFO]: Aifri left the game
[21:00:34] [Server thread/INFO]: Stopping the server
[21:00:34] [Server thread/INFO]: Stopping server
[21:00:34] [Server thread/INFO]: Saving players
[21:00:34] [Server thread/INFO]: Saving worlds
[21:00:34] [Server thread/INFO]: Saving chunks for level 'world'/minecraft:the_nether
[21:00:34] [Server thread/INFO]: ThreadedAnvilChunkStorage (DIM-1): All chunks are saved
[21:00:34] [Server thread/INFO]: Saving chunks for level 'world'/minecraft:overworld
[21:00:35] [Server thread/INFO]: ThreadedAnvilChunkStorage (world): All chunks are saved
[21:00:35] [Server thread/INFO]: Saving chunks for level 'world'/minecraft:the_end
[21:00:35] [Server thread/INFO]: ThreadedAnvilChunkStorage (DIM1): All chunks are saved
[21:00:35] [Server thread/INFO]: ThreadedAnvilChunkStorage (DIM-1): All chunks are saved
[21:00:35] [Server thread/INFO]: ThreadedAnvilChunkStorage (world): All chunks are saved
[21:00:35] [Server thread/INFO]: ThreadedAnvilChunkStorage (DIM1): All chunks are saved
