[00:01:38] [Server thread/INFO]: Heisenberg lost connection: Disconnected
[00:01:38] [Server thread/INFO]: Heisenberg left the game
[00:02:58] [Server thread/INFO]: Kherasch issued server command: /????
[00:03:01] [Server thread/INFO]: Kherasch issued server command: /????
[00:03:07] [Server thread/INFO]: Kherasch issued server command: /home
[00:09:19] [Server thread/INFO]: Kherasch issued server command: /home
[00:12:51] [Server thread/INFO]: Kherasch issued server command: /h
[00:12:51] [Server thread/WARN]: Kherasch moved too quickly! 34.43730879858383,17.0,8.39013497190308
[00:12:58] [Server thread/INFO]: Kherasch issued server command: /h f
[00:13:05] [Server thread/INFO]: Kherasch issued server command: /h m
[00:13:05] [Server thread/WARN]: Kherasch moved too quickly! 97.19399223201347,-74.0,-42.53793615436189
[00:13:06] [Server thread/INFO]: Kherasch issued server command: /h
[00:13:06] [Server thread/WARN]: Kherasch moved too quickly! -103.19999998807907,74.0,46.832713476724166
[00:23:36] [Server thread/INFO]: Kherasch lost connection: Disconnected
[00:23:36] [Server thread/INFO]: Kherasch left the game
[00:44:55] [User Authenticator #5/INFO]: UUID of player Heisenberg is 578f8380-cff4-33c8-9f51-a2d6bbe70d46
[00:44:57] [Server thread/INFO]: Heisenberg[/192.168.0.112:64333] logged in with entity id 36910 at ([world]106.7626172261815, 90.5625, -2614.761656342023)
[00:47:08] [Server thread/INFO]: Heisenberg lost connection: Disconnected
[00:47:08] [Server thread/INFO]: Heisenberg left the game
[00:47:11] [Server thread/INFO]: Stopping the server
[00:47:11] [Server thread/INFO]: Stopping server
[00:47:11] [Server thread/INFO]: [SetHomes] Disabling SetHomes v1.3.0
[00:47:11] [Server thread/INFO]: [Timber] Disabling Timber v1.0.9
[00:47:11] [Server thread/INFO]: [TPA] Disabling TPA v2.2.2
[00:47:11] [Server thread/INFO]: [BackPacksPlus] Disabling BackPacksPlus v1.2.4
[00:47:11] [Server thread/INFO]: [LuckPerms] Disabling LuckPerms v5.3.48
[00:47:11] [Server thread/INFO]: [LuckPerms] Starting shutdown process...
[00:47:11] [Server thread/INFO]: [LuckPerms] Closing storage...
[00:47:11] [Server thread/INFO]: [LuckPerms] Goodbye!
[00:47:11] [Server thread/INFO]: Saving players
[00:47:11] [Server thread/INFO]: Saving worlds
[00:47:11] [Server thread/INFO]: Saving chunks for level 'ServerLevel[world]'/minecraft:overworld
[00:47:12] [Server thread/INFO]: ThreadedAnvilChunkStorage (world): All chunks are saved
[00:47:12] [Server thread/INFO]: Saving chunks for level 'ServerLevel[world_nether]'/minecraft:the_nether
[00:47:12] [Server thread/INFO]: ThreadedAnvilChunkStorage (DIM-1): All chunks are saved
[00:47:12] [Server thread/INFO]: Saving chunks for level 'ServerLevel[world_the_end]'/minecraft:the_end
[00:47:12] [Server thread/INFO]: ThreadedAnvilChunkStorage (DIM1): All chunks are saved
[00:47:12] [Server thread/INFO]: ThreadedAnvilChunkStorage (world): All chunks are saved
[00:47:12] [Server thread/INFO]: ThreadedAnvilChunkStorage (DIM-1): All chunks are saved
[00:47:13] [Server thread/INFO]: ThreadedAnvilChunkStorage (DIM1): All chunks are saved
