[22:30:42] [main/INFO]: Environment: authHost='https://authserver.mojang.com', accountsHost='https://api.mojang.com', sessionHost='https://sessionserver.mojang.com', servicesHost='https://api.minecraftservices.com', name='PROD'
[22:30:44] [main/INFO]: Reloading ResourceManager: Default, bukkit
[22:30:47] [Worker-Main-9/INFO]: Loaded 7 recipes
[22:30:54] [Server thread/INFO]: Starting minecraft server version 1.16.5
[22:30:54] [Server thread/INFO]: Loading properties
[22:30:54] [Server thread/INFO]: Default game type: SURVIVAL
[22:30:54] [Server thread/INFO]: Generating keypair
[22:30:54] [Server thread/INFO]: Starting Minecraft server on 192.168.0.105:25565
[22:30:54] [Server thread/INFO]: Using default channel type
[22:31:01] [Server thread/INFO]: This server is running CraftBukkit version 2991-Bukkit-f3f3094 (MC: 1.16.5) (Implementing API version 1.16.5-R0.1-SNAPSHOT)
[22:31:08] [Server thread/ERROR]: Could not load 'plugins\ChangeSkin.jar' in folder 'plugins'
org.bukkit.plugin.UnknownDependencyException: Unknown dependency ProtocolLib. Please download and install ProtocolLib to run this plugin.
	at org.bukkit.plugin.SimplePluginManager.loadPlugins(SimplePluginManager.java:269) ~[craftbukkit-1.16.5.jar:2991-Bukkit-f3f3094]
	at org.bukkit.craftbukkit.v1_16_R3.CraftServer.loadPlugins(CraftServer.java:381) ~[craftbukkit-1.16.5.jar:2991-Bukkit-f3f3094]
	at net.minecraft.server.v1_16_R3.DedicatedServer.init(DedicatedServer.java:179) ~[craftbukkit-1.16.5.jar:2991-Bukkit-f3f3094]
	at net.minecraft.server.v1_16_R3.MinecraftServer.w(MinecraftServer.java:787) ~[craftbukkit-1.16.5.jar:2991-Bukkit-f3f3094]
	at net.minecraft.server.v1_16_R3.MinecraftServer.lambda$0(MinecraftServer.java:155) ~[craftbukkit-1.16.5.jar:2991-Bukkit-f3f3094]
	at java.lang.Thread.run(Unknown Source) [?:1.8.0_241]
[22:31:08] [Server thread/WARN]: Initializing Legacy Material Support. Unless you have legacy plugins and/or data this is a bug!
[22:31:17] [Server thread/WARN]: Legacy plugin JustTPA v1.0.0 does not specify an api-version.
[22:31:18] [Server thread/WARN]: Legacy plugin SinglePersonSleep v0.3 does not specify an api-version.
[22:31:18] [Server thread/INFO]: [SetHome] Loading SetHome v1.2
[22:31:18] [Server thread/INFO]: [JustTPA] Loading JustTPA v1.0.0
[22:31:18] [Server thread/INFO]: [TreeMe] Loading TreeMe v1.4.3
[22:31:18] [Server thread/INFO]: [SinglePersonSleep] Loading SinglePersonSleep v0.3
[22:31:18] [Server thread/WARN]: **** SERVER IS RUNNING IN OFFLINE/INSECURE MODE!
[22:31:18] [Server thread/WARN]: The server will make no attempt to authenticate usernames. Beware.
[22:31:18] [Server thread/WARN]: While this makes the game possible to play without internet access, it also opens up the ability for hackers to connect with any username they choose.
[22:31:18] [Server thread/WARN]: To change this, set "online-mode" to "true" in the server.properties file.
[22:31:18] [Server thread/INFO]: Preparing level "world"
[22:31:18] [Server thread/INFO]: Preparing start region for dimension minecraft:overworld
[22:31:23] [Server thread/INFO]: Preparing spawn area: 0%
[22:31:23] [Server thread/INFO]: Preparing spawn area: 0%
[22:31:23] [Server thread/INFO]: Preparing spawn area: 0%
[22:31:23] [Server thread/INFO]: Preparing spawn area: 0%
[22:31:23] [Server thread/INFO]: Preparing spawn area: 0%
[22:31:23] [Server thread/INFO]: Preparing spawn area: 0%
[22:31:23] [Server thread/INFO]: Preparing spawn area: 0%
[22:31:23] [Server thread/INFO]: Preparing spawn area: 0%
[22:31:23] [Server thread/INFO]: Preparing spawn area: 0%
[22:31:23] [Server thread/INFO]: Preparing spawn area: 0%
[22:31:24] [Server thread/INFO]: Preparing spawn area: 0%
[22:31:24] [Server thread/INFO]: Preparing spawn area: 48%
[22:31:24] [Server thread/INFO]: Preparing spawn area: 50%
[22:31:33] [Worker-Main-16/INFO]: Preparing spawn area: 83%
[22:31:33] [Worker-Main-16/INFO]: Preparing spawn area: 83%
[22:31:33] [Worker-Main-18/INFO]: Preparing spawn area: 83%
[22:31:33] [Worker-Main-15/INFO]: Preparing spawn area: 83%
[22:31:33] [Worker-Main-15/INFO]: Preparing spawn area: 83%
[22:31:33] [Worker-Main-15/INFO]: Preparing spawn area: 83%
[22:31:33] [Worker-Main-15/INFO]: Preparing spawn area: 83%
[22:31:33] [Worker-Main-15/INFO]: Preparing spawn area: 83%
[22:31:33] [Worker-Main-15/INFO]: Preparing spawn area: 83%
[22:31:33] [Worker-Main-15/INFO]: Preparing spawn area: 83%
[22:31:33] [Worker-Main-15/INFO]: Preparing spawn area: 83%
[22:31:33] [Worker-Main-15/INFO]: Preparing spawn area: 83%
[22:31:33] [Worker-Main-15/INFO]: Preparing spawn area: 83%
[22:31:33] [Worker-Main-15/INFO]: Preparing spawn area: 83%
[22:31:33] [Worker-Main-17/INFO]: Preparing spawn area: 83%
[22:31:33] [Worker-Main-11/INFO]: Preparing spawn area: 83%
[22:31:33] [Worker-Main-11/INFO]: Preparing spawn area: 83%
[22:31:33] [Worker-Main-15/INFO]: Preparing spawn area: 83%
[22:31:35] [Worker-Main-17/INFO]: Preparing spawn area: 83%
[22:31:35] [Worker-Main-18/INFO]: Preparing spawn area: 83%
[22:31:35] [Worker-Main-17/INFO]: Preparing spawn area: 83%
[22:31:35] [Worker-Main-18/INFO]: Preparing spawn area: 83%
[22:31:36] [Worker-Main-16/INFO]: Preparing spawn area: 83%
[22:31:36] [Worker-Main-8/INFO]: Preparing spawn area: 83%
[22:31:37] [Worker-Main-15/INFO]: Preparing spawn area: 83%
[22:31:37] [Worker-Main-18/INFO]: Preparing spawn area: 83%
[22:31:38] [Worker-Main-16/INFO]: Preparing spawn area: 83%
[22:31:38] [Worker-Main-8/INFO]: Preparing spawn area: 83%
[22:31:39] [Worker-Main-18/INFO]: Preparing spawn area: 83%
[22:31:39] [Worker-Main-15/INFO]: Preparing spawn area: 84%
[22:31:40] [Worker-Main-18/INFO]: Preparing spawn area: 87%
[22:31:41] [Worker-Main-17/INFO]: Preparing spawn area: 88%
[22:31:41] [Worker-Main-16/INFO]: Preparing spawn area: 88%
[22:31:41] [Worker-Main-8/INFO]: Preparing spawn area: 94%
[22:31:42] [Worker-Main-14/INFO]: Preparing spawn area: 97%
[22:31:42] [Server thread/INFO]: Time elapsed: 23718 ms
[22:31:42] [Server thread/INFO]: Preparing start region for dimension minecraft:the_nether
[22:31:43] [Server thread/INFO]: Preparing spawn area: 0%
[22:31:43] [Server thread/INFO]: Preparing spawn area: 0%
[22:31:43] [Server thread/INFO]: Preparing spawn area: 0%
[22:31:44] [Worker-Main-18/INFO]: Preparing spawn area: 83%
[22:31:44] [Worker-Main-16/INFO]: Preparing spawn area: 83%
[22:31:45] [Worker-Main-17/INFO]: Preparing spawn area: 83%
[22:31:45] [Worker-Main-11/INFO]: Preparing spawn area: 83%
[22:31:46] [Worker-Main-14/INFO]: Preparing spawn area: 83%
[22:31:46] [Server thread/INFO]: Preparing spawn area: 83%
[22:31:47] [Worker-Main-18/INFO]: Preparing spawn area: 86%
[22:31:47] [Worker-Main-14/INFO]: Preparing spawn area: 92%
[22:31:48] [Worker-Main-17/INFO]: Preparing spawn area: 97%
[22:31:48] [Server thread/INFO]: Time elapsed: 5858 ms
[22:31:48] [Server thread/INFO]: Preparing start region for dimension minecraft:the_end
[22:31:49] [Server thread/INFO]: Preparing spawn area: 0%
[22:31:49] [Server thread/INFO]: Preparing spawn area: 0%
[22:31:49] [Worker-Main-14/INFO]: Preparing spawn area: 83%
[22:31:49] [Worker-Main-14/INFO]: Preparing spawn area: 88%
[22:31:50] [Server thread/INFO]: Time elapsed: 1743 ms
[22:31:50] [Server thread/INFO]: [SetHome] Enabling SetHome v1.2
[22:31:50] [Server thread/INFO]: [SetHome] Successfully loaded commands.
[22:31:50] [Server thread/INFO]: [SetHome] Plugin SetHome v1.2 version 1.2 loaded.
[22:31:50] [Server thread/INFO]: [SetHome] SetHome v1.2's native version is 1.16 and is running on server version 2991-Bukkit-f3f3094 (MC: 1.16.5).
[22:31:50] [Server thread/INFO]: [SetHome] WARNING. Plugin is running on a different version. Some features may not work.
[22:31:50] [Server thread/INFO]: [SetHome] Bukkit version: 1.16.5-R0.1-SNAPSHOT
[22:31:50] [Server thread/INFO]: [SetHome] Registered listeners.
[22:31:50] [Server thread/INFO]: [JustTPA] Enabling JustTPA v1.0.0
[22:31:50] [Server thread/INFO]: [JustTPA] JustTPA plugin has been enabled!
[22:31:50] [Server thread/INFO]: [TreeMe] Enabling TreeMe v1.4.3
[22:31:50] [Server thread/INFO]: [SinglePersonSleep] Enabling SinglePersonSleep v0.3
[22:31:50] [Server thread/INFO]: [SinglePersonSleep] Enabled!
[22:31:50] [Server thread/INFO]: Server permissions file permissions.yml is empty, ignoring it
[22:31:50] [Server thread/INFO]: Done (32.223s)! For help, type "help"
[22:33:02] [Server thread/INFO]: Heisenberg[/192.168.0.105:49185] logged in with entity id 271 at ([world]-4.5, 77.0, 1.5)
[22:33:22] [Server thread/INFO]: Kherasch[/46.10.88.65:65530] logged in with entity id 417 at ([world]1.5, 71.0, -2.5)
[22:33:22] [Server thread/WARN]: Can't keep up! Is the server overloaded? Running 5290ms or 105 ticks behind
[22:34:45] [Server thread/INFO]: Heisenberg issued server command: /tpa Kh
[22:34:50] [Server thread/INFO]: Made Heisenberg a server operator
[22:34:55] [Server thread/INFO]: Made Kherasch a server operator
[22:35:02] [Server thread/INFO]: Heisenberg issued server command: /tpa
[22:35:12] [Server thread/INFO]: Heisenberg issued server command: /sethome spawn
[22:35:24] [Server thread/INFO]: Nothing changed. The player isn't banned
[22:35:30] [Server thread/INFO]: Nothing changed. The player isn't banned
[22:35:37] [Server thread/INFO]: Made Heisenberg no longer a server operator
[22:35:45] [Server thread/INFO]: Nothing changed. The player is not an operator
[22:35:56] [Server thread/INFO]: Made Kherasch no longer a server operator
[22:36:40] [Server thread/INFO]: Created new objective [health]
[22:36:50] [Server thread/INFO]: Set display slot list to show objective health
[22:37:52] [Server thread/WARN]: Can't keep up! Is the server overloaded? Running 7257ms or 145 ticks behind
[22:38:38] [Server thread/INFO]: Heisenberg has made the advancement [Stone Age]
[22:39:03] [Server thread/INFO]: Heisenberg has made the advancement [Getting an Upgrade]
[22:39:19] [Server thread/INFO]: Kherasch has made the advancement [Stone Age]
[22:39:29] [Server thread/INFO]: Kherasch has made the advancement [Getting an Upgrade]
[22:43:16] [Server thread/INFO]: Kherasch is now sleeping[m
[22:43:16] [Server thread/INFO]: Kherasch has made the advancement [Sweet Dreams]
[22:50:31] [Server thread/INFO]: Kherasch has made the advancement [Acquire Hardware]
[22:50:48] [Server thread/INFO]: Heisenberg has made the advancement [Acquire Hardware]
[22:51:17] [Server thread/INFO]: Heisenberg has made the advancement [Suit Up]
[22:51:17] [Server thread/INFO]: Heisenberg has made the advancement [Ice Bucket Challenge]
[22:52:06] [Server thread/WARN]: Kherasch moved too quickly! 17.27577075810143,-1.2478510996325411,-0.8509418404075291
[22:54:09] [Server thread/INFO]: Kherasch is now sleeping[m
[22:57:14] [Server thread/INFO]: Heisenberg issued server command: /change
[23:04:37] [Server thread/INFO]: Kherasch is now sleeping[m
[23:08:46] [Server thread/INFO]: Heisenberg issued server command: /tpa
[23:09:02] [Server thread/INFO]: Kherasch fell from a high place
[23:09:14] [Server thread/INFO]: No entity was found
[23:09:16] [Server thread/INFO]: No entity was found
[23:09:19] [Server thread/INFO]: Teleported Kherasch to Heisenberg
[23:12:08] [Netty Server IO #7/INFO]: <Kherasch> op[m
[23:15:05] [Server thread/INFO]: Kherasch is now sleeping[m
[23:17:09] [Server thread/WARN]: Can't keep up! Is the server overloaded? Running 6758ms or 135 ticks behind
[23:17:47] [Server thread/WARN]: Can't keep up! Is the server overloaded? Running 8291ms or 165 ticks behind
[23:19:13] [Server thread/WARN]: Can't keep up! Is the server overloaded? Running 5007ms or 100 ticks behind
[23:20:31] [Server thread/WARN]: Can't keep up! Is the server overloaded? Running 5058ms or 101 ticks behind
[23:20:56] [Server thread/INFO]: Heisenberg lost connection: Disconnected
[23:20:56] [Server thread/INFO]: Heisenberg left the game
[23:21:00] [Server thread/INFO]: Kherasch lost connection: Disconnected
[23:21:00] [Server thread/INFO]: Kherasch left the game
[23:21:12] [Server thread/INFO]: Stopping the server
[23:21:12] [Server thread/INFO]: Stopping server
[23:21:12] [Server thread/INFO]: [SinglePersonSleep] Disabling SinglePersonSleep v0.3
[23:21:12] [Server thread/INFO]: [SinglePersonSleep] Disabled!
[23:21:12] [Server thread/INFO]: [TreeMe] Disabling TreeMe v1.4.3
[23:21:12] [Server thread/INFO]: [JustTPA] Disabling JustTPA v1.0.0
[23:21:12] [Server thread/INFO]: [JustTPA] JustTPA plugin has been disabled!
[23:21:12] [Server thread/INFO]: [SetHome] Disabling SetHome v1.2
[23:21:12] [Server thread/INFO]: [SetHome] Stopping plugin 'SetHome'...
[23:21:12] [Server thread/INFO]: [SetHome] Plugin stopped. Goodbye!
[23:21:12] [Server thread/INFO]: Saving players
[23:21:12] [Server thread/INFO]: Saving worlds
[23:21:12] [Server thread/INFO]: Saving chunks for level 'ServerLevel[world]'/minecraft:overworld
[23:21:12] [Server thread/INFO]: ThreadedAnvilChunkStorage (world): All chunks are saved
[23:21:12] [Server thread/INFO]: Saving chunks for level 'ServerLevel[world_nether]'/minecraft:the_nether
[23:21:13] [Server thread/INFO]: ThreadedAnvilChunkStorage (DIM-1): All chunks are saved
[23:21:13] [Server thread/INFO]: Saving chunks for level 'ServerLevel[world_the_end]'/minecraft:the_end
[23:21:13] [Server thread/INFO]: ThreadedAnvilChunkStorage (DIM1): All chunks are saved
[23:21:13] [Server thread/INFO]: ThreadedAnvilChunkStorage (world): All chunks are saved
[23:21:13] [Server thread/INFO]: ThreadedAnvilChunkStorage (DIM-1): All chunks are saved
[23:21:13] [Server thread/INFO]: ThreadedAnvilChunkStorage (DIM1): All chunks are saved
