[01:53:35] [main/WARN]: Ambiguity between arguments [teleport, destination] and [teleport, targets] with inputs: [Player, 0123, @e, dd12be42-52a9-4a91-a8a1-11c01849e498]
[01:53:35] [main/WARN]: Ambiguity between arguments [teleport, location] and [teleport, destination] with inputs: [0.1 -0.5 .9, 0 0 0]
[01:53:35] [main/WARN]: Ambiguity between arguments [teleport, location] and [teleport, targets] with inputs: [0.1 -0.5 .9, 0 0 0]
[01:53:35] [main/WARN]: Ambiguity between arguments [teleport, targets] and [teleport, destination] with inputs: [Player, 0123, dd12be42-52a9-4a91-a8a1-11c01849e498]
[01:53:35] [main/WARN]: Ambiguity between arguments [teleport, targets, location] and [teleport, targets, destination] with inputs: [0.1 -0.5 .9, 0 0 0]
[01:53:36] [Server thread/INFO]: Starting minecraft server version 1.14.4
[01:53:36] [Server thread/INFO]: Loading properties
[01:53:36] [Server thread/INFO]: Default game type: SURVIVAL
[01:53:36] [Server thread/INFO]: Generating keypair
[01:53:37] [Server thread/INFO]: Starting Minecraft server on 192.168.0.106:25555
[01:53:37] [Server thread/INFO]: Using default channel type
[01:53:43] [Server thread/WARN]: **** SERVER IS RUNNING IN OFFLINE/INSECURE MODE!
[01:53:43] [Server thread/WARN]: The server will make no attempt to authenticate usernames. Beware.
[01:53:43] [Server thread/WARN]: While this makes the game possible to play without internet access, it also opens up the ability for hackers to connect with any username they choose.
[01:53:43] [Server thread/WARN]: To change this, set "online-mode" to "true" in the server.properties file.
[01:53:43] [Server thread/INFO]: Preparing level "world"
[01:53:44] [Server thread/INFO]: Reloading ResourceManager: Default
[01:53:49] [Server thread/INFO]: Loaded 6 recipes
[01:53:50] [Server thread/INFO]: Loaded 811 advancements
[01:53:52] [Server thread/INFO]: Preparing start region for dimension minecraft:overworld
[01:53:58] [Server thread/INFO]: Preparing spawn area: 0%
[01:53:58] [Server thread/INFO]: Preparing spawn area: 0%
[01:53:58] [Server thread/INFO]: Preparing spawn area: 0%
[01:53:58] [Server thread/INFO]: Preparing spawn area: 0%
[01:53:58] [Server thread/INFO]: Preparing spawn area: 0%
[01:53:58] [Server thread/INFO]: Preparing spawn area: 0%
[01:53:58] [Server thread/INFO]: Preparing spawn area: 0%
[01:53:58] [Server thread/INFO]: Preparing spawn area: 0%
[01:53:58] [Server thread/INFO]: Preparing spawn area: 0%
[01:53:58] [Server thread/INFO]: Preparing spawn area: 0%
[01:53:58] [Server thread/INFO]: Preparing spawn area: 0%
[01:53:58] [Server thread/INFO]: Preparing spawn area: 0%
[01:53:58] [Server thread/INFO]: Preparing spawn area: 0%
[01:53:58] [Server thread/INFO]: Preparing spawn area: 0%
[01:53:59] [Server thread/INFO]: Preparing spawn area: 0%
[01:53:59] [Server thread/INFO]: Preparing spawn area: 0%
[01:54:00] [Server thread/INFO]: Preparing spawn area: 56%
[01:54:01] [Server thread/INFO]: Time elapsed: 9216 ms
[01:54:01] [Server thread/INFO]: Done (17.279s)! For help, type "help"
[01:54:01] [Server thread/INFO]: com.mojang.authlib.GameProfile@118798fb[id=<null>,name=Kherasch,properties={},legacy=false] (/94.155.83.162:52075) lost connection: Disconnected
[01:54:06] [Server thread/WARN]: Can't keep up! Is the server overloaded? Running 2081ms or 41 ticks behind
[01:54:09] [Server thread/INFO]: Kherasch[/94.155.83.162:52079] logged in with entity id 310 at (-240.78490271140473, 53.0, -589.9057263853248)
[01:54:09] [Server thread/INFO]: Kherasch joined the game
[01:54:11] [Server thread/INFO]: Heisennberrg[/178.239.226.144:54199] logged in with entity id 311 at (345.5, 67.0, -2020.5)
[01:54:11] [Server thread/INFO]: Heisennberrg joined the game
[01:54:14] [Server thread/INFO]: Heisennberrg lost connection: Disconnected
[01:54:14] [Server thread/INFO]: Heisennberrg left the game
[01:54:25] [Server thread/WARN]: Can't keep up! Is the server overloaded? Running 4832ms or 96 ticks behind
[01:54:27] [Server thread/INFO]: [Server] sa che umre
[01:54:52] [Server thread/WARN]: Can't keep up! Is the server overloaded? Running 11461ms or 229 ticks behind
[01:55:18] [Server thread/INFO]: Heisenberg[/178.239.226.144:54273] logged in with entity id 531 at (-237.81497675252083, 61.0, -603.7064771319174)
[01:55:18] [Server thread/INFO]: Heisenberg joined the game
[01:55:19] [Server thread/WARN]: Can't keep up! Is the server overloaded? Running 2064ms or 41 ticks behind
[01:55:39] [Server thread/WARN]: Can't keep up! Is the server overloaded? Running 5622ms or 112 ticks behind
[01:57:22] [Server thread/INFO]: The difficulty has been set to Peaceful
[01:59:34] [Server thread/WARN]: Kherasch moved too quickly! 0.1300131006681795,-0.12160004615783748,10.208867259494468
[01:59:34] [Server thread/WARN]: Heisenberg moved too quickly! 0.10635037339051223,0.07840000152587834,10.340011791940867
[01:59:34] [Server thread/WARN]: Can't keep up! Is the server overloaded? Running 7279ms or 145 ticks behind
[02:01:10] [Server thread/WARN]: Can't keep up! Is the server overloaded? Running 2729ms or 54 ticks behind
[02:01:33] [Server thread/WARN]: Can't keep up! Is the server overloaded? Running 7326ms or 146 ticks behind
[02:04:49] [Server thread/WARN]: Can't keep up! Is the server overloaded? Running 5019ms or 100 ticks behind
[02:09:53] [Server thread/WARN]: Can't keep up! Is the server overloaded? Running 3704ms or 74 ticks behind
[02:14:59] [Server thread/WARN]: Heisenberg moved too quickly! 8.619321024356168,0.6668000063657757,-5.216829798675235
[02:14:59] [Server thread/WARN]: Kherasch moved too quickly! 8.783545223747524,3.0013359791121417,3.864044902095202
[02:14:59] [Server thread/WARN]: Can't keep up! Is the server overloaded? Running 6404ms or 128 ticks behind
[02:15:48] [Server thread/INFO]: Kherasch lost connection: Disconnected
[02:15:48] [Server thread/INFO]: Kherasch left the game
[02:15:50] [Server thread/INFO]: Heisenberg lost connection: Disconnected
[02:15:50] [Server thread/INFO]: Heisenberg left the game
[02:15:54] [Server thread/INFO]: Stopping the server
[02:15:54] [Server thread/INFO]: Stopping server
[02:15:54] [Server thread/INFO]: Saving players
[02:15:54] [Server thread/INFO]: Saving worlds
[02:15:54] [Server thread/INFO]: Saving chunks for level 'world'/minecraft:overworld
[02:15:55] [Server thread/INFO]: ThreadedAnvilChunkStorage (world): All chunks are saved
[02:15:55] [Server thread/INFO]: Saving chunks for level 'world'/minecraft:the_nether
[02:15:55] [Server thread/INFO]: ThreadedAnvilChunkStorage (DIM-1): All chunks are saved
[02:15:55] [Server thread/INFO]: Saving chunks for level 'world'/minecraft:the_end
[02:15:55] [Server thread/INFO]: ThreadedAnvilChunkStorage (DIM1): All chunks are saved
[02:15:55] [Server thread/INFO]: ThreadedAnvilChunkStorage (world): All chunks are saved
