[01:39:37] [main/WARN]: Ambiguity between arguments [teleport, location] and [teleport, destination] with inputs: [0.1 -0.5 .9, 0 0 0]
[01:39:37] [main/WARN]: Ambiguity between arguments [teleport, location] and [teleport, targets] with inputs: [0.1 -0.5 .9, 0 0 0]
[01:39:37] [main/WARN]: Ambiguity between arguments [teleport, targets] and [teleport, destination] with inputs: [Player, 0123, dd12be42-52a9-4a91-a8a1-11c01849e498]
[01:39:37] [main/WARN]: Ambiguity between arguments [teleport, targets, location] and [teleport, targets, destination] with inputs: [0.1 -0.5 .9, 0 0 0]
[01:39:37] [Server thread/INFO]: Starting minecraft server version 1.15.2
[01:39:37] [Server thread/INFO]: Loading properties
[01:39:37] [Server thread/INFO]: Default game type: SURVIVAL
[01:39:37] [Server thread/INFO]: Generating keypair
[01:39:38] [Server thread/INFO]: Starting Minecraft server on 192.168.0.106:25555
[01:39:38] [Server thread/INFO]: Using default channel type
[01:39:40] [Server thread/WARN]: **** SERVER IS RUNNING IN OFFLINE/INSECURE MODE!
[01:39:40] [Server thread/WARN]: The server will make no attempt to authenticate usernames. Beware.
[01:39:40] [Server thread/WARN]: While this makes the game possible to play without internet access, it also opens up the ability for hackers to connect with any username they choose.
[01:39:40] [Server thread/WARN]: To change this, set "online-mode" to "true" in the server.properties file.
[01:39:40] [Server thread/INFO]: Preparing level "world"
[01:39:40] [Server thread/INFO]: Reloading ResourceManager: Default
[01:39:42] [Server thread/INFO]: Loaded 6 recipes
[01:39:43] [Server thread/INFO]: Loaded 825 advancements
[01:39:44] [Server thread/INFO]: Preparing start region for dimension minecraft:overworld
[01:39:48] [Server thread/INFO]: Preparing spawn area: 0%
[01:39:48] [Server thread/INFO]: Preparing spawn area: 0%
[01:39:48] [Server thread/INFO]: Preparing spawn area: 0%
[01:39:48] [Server thread/INFO]: Preparing spawn area: 0%
[01:39:48] [Server thread/INFO]: Preparing spawn area: 0%
[01:39:48] [Server thread/INFO]: Preparing spawn area: 0%
[01:39:48] [Server thread/INFO]: Preparing spawn area: 0%
[01:39:48] [Server thread/INFO]: Preparing spawn area: 0%
[01:39:48] [Server thread/INFO]: Preparing spawn area: 0%
[01:39:50] [Server thread/INFO]: Preparing spawn area: 0%
[01:39:50] [Server thread/INFO]: Preparing spawn area: 0%
[01:39:50] [Server thread/INFO]: Preparing spawn area: 0%
[01:39:52] [Server-Worker-4/INFO]: Preparing spawn area: 0%
[01:39:52] [Server-Worker-1/INFO]: Preparing spawn area: 0%
[01:39:52] [Server-Worker-1/INFO]: Preparing spawn area: 0%
[01:39:52] [Server-Worker-3/INFO]: Preparing spawn area: 0%
[01:39:52] [Server thread/INFO]: Preparing spawn area: 6%
[01:39:53] [Server thread/INFO]: Preparing spawn area: 88%
[01:39:53] [Server thread/INFO]: Time elapsed: 8657 ms
[01:39:53] [Server thread/INFO]: Done (12.945s)! For help, type "help"
[01:40:41] [Server thread/INFO]: Heisenberg[/178.239.226.144:53814] logged in with entity id 96 at (-184.41515194643327, 73.0, 106.69999998807907)
[01:40:41] [Server thread/INFO]: Heisenberg joined the game
[01:40:44] [Server thread/WARN]: Can't keep up! Is the server overloaded? Running 2088ms or 41 ticks behind
[01:40:51] [Server thread/INFO]: Heisenberg lost connection: Disconnected
[01:40:51] [Server thread/INFO]: Heisenberg left the game
[01:40:54] [Server thread/INFO]: Kherasch[/94.155.83.162:52004] logged in with entity id 220 at (8850.175460245477, 62.1875, -7664.008016569757)
[01:40:54] [Server thread/INFO]: Kherasch joined the game
[01:41:10] [Server thread/WARN]: Can't keep up! Is the server overloaded? Running 2130ms or 42 ticks behind
[01:41:33] [Server thread/WARN]: Can't keep up! Is the server overloaded? Running 7702ms or 154 ticks behind
[01:41:52] [Server thread/WARN]: Can't keep up! Is the server overloaded? Running 3996ms or 79 ticks behind
[01:41:55] [Server thread/INFO]: boretobg[/178.239.226.144:53889] logged in with entity id 824 at (-174.5, 74.0, 105.5)
[01:41:55] [Server thread/INFO]: boretobg joined the game
[01:42:00] [Server thread/INFO]: boretobg lost connection: Disconnected
[01:42:01] [Server thread/INFO]: boretobg left the game
[01:42:53] [Server thread/WARN]: Can't keep up! Is the server overloaded? Running 2044ms or 40 ticks behind
[01:43:21] [Server thread/WARN]: Can't keep up! Is the server overloaded? Running 13061ms or 261 ticks behind
[01:43:37] [Server thread/INFO]: Heisennberrg[/178.239.226.144:53995] logged in with entity id 1212 at (-181.5, 70.0, 88.5)
[01:43:37] [Server thread/INFO]: Heisennberrg joined the game
[01:43:44] [Server thread/WARN]: Can't keep up! Is the server overloaded? Running 7836ms or 156 ticks behind
[01:43:48] [Server thread/INFO]: An entity is required to run this command here
[01:43:58] [Server thread/INFO]: Teleported Heisennberrg to Kherasch
[01:44:05] [Server thread/WARN]: Can't keep up! Is the server overloaded? Running 6350ms or 127 ticks behind
[01:44:24] [Server thread/WARN]: Can't keep up! Is the server overloaded? Running 3525ms or 70 ticks behind
[01:45:44] [Server thread/WARN]: Can't keep up! Is the server overloaded? Running 3045ms or 60 ticks behind
[01:50:46] [Server thread/WARN]: Kherasch moved too quickly! -10.208368984902336,-0.2522033402537289,-0.2944090826104002
[01:51:05] [Server thread/INFO]: Heisennberrg fell from a high place
[01:51:09] [Server thread/INFO]: Heisennberrg lost connection: Disconnected
[01:51:09] [Server thread/INFO]: Heisennberrg left the game
[01:51:11] [Server thread/INFO]: Stopping the server
[01:51:11] [Server thread/INFO]: Stopping server
[01:51:11] [Server thread/INFO]: Saving players
[01:51:11] [Server thread/INFO]: Kherasch lost connection: Internal Exception: java.lang.StackOverflowError
[01:51:11] [Server thread/INFO]: Kherasch left the game
[01:51:12] [Server thread/INFO]: Saving worlds
[01:51:12] [Server thread/INFO]: Saving chunks for level 'world'/minecraft:overworld
[01:51:13] [Server thread/INFO]: ThreadedAnvilChunkStorage (world): All chunks are saved
[01:51:13] [Server thread/INFO]: Saving chunks for level 'world'/minecraft:the_nether
[01:51:13] [Server thread/INFO]: ThreadedAnvilChunkStorage (DIM-1): All chunks are saved
[01:51:13] [Server thread/INFO]: Saving chunks for level 'world'/minecraft:the_end
[01:51:13] [Server thread/INFO]: ThreadedAnvilChunkStorage (DIM1): All chunks are saved
[01:51:13] [Server thread/INFO]: ThreadedAnvilChunkStorage (world): All chunks are saved
[01:51:13] [Server thread/INFO]: ThreadedAnvilChunkStorage (DIM-1): All chunks are saved
[01:51:13] [Server thread/INFO]: ThreadedAnvilChunkStorage (DIM1): All chunks are saved
